#
# A fatal error has been detected by the Java Runtime Environment:
#
#  EXCEPTION_ACCESS_VIOLATION (0xc0000005) at pc=0x00000000622006a4, pid=1216, tid=576
#
# JRE version: Java(TM) SE Runtime Environment (8.0_20-b26) (build 1.8.0_20-b26)
# Java VM: Java HotSpot(TM) 64-Bit Server VM (25.20-b23 mixed mode windows-amd64 compressed oops)
# Problematic frame:
# C  [awt.dll+0xd06a4]
#
# Failed to write core dump. Minidumps are not enabled by default on client versions of Windows
#
# If you would like to submit a bug report, please visit:
#   http://bugreport.sun.com/bugreport/crash.jsp
# The crash happened outside the Java Virtual Machine in native code.
# See problematic frame for where to report the bug.
#

---------------  T H R E A D  ---------------

Current thread (0x000000001eaa6800):  JavaThread "AWT-EventQueue-0" [_thread_in_native, id=576, stack(0x0000000022630000,0x0000000022730000)]

siginfo: ExceptionCode=0xc0000005, reading address 0x0000000000000008

Registers:
RAX=0x000000000000000d, RBX=0x000000001eaa69e8, RCX=0x0000000000000000, RDX=0x000000003f0107d7
RSP=0x000000002272ca18, RBP=0x000000001eaa69e8, RSI=0x000000001ea0f0c0, RDI=0x000000001ea113d0
R8 =0x000000002272c9d8, R9 =0x0000000000000005, R10=0x00007ffcfda03250, R11=0xffffffffffffffff
R12=0x000000003f0107d7, R13=0x0000000000000000, R14=0x000000002272d1b0, R15=0x000000001eaa6800
RIP=0x00000000622006a4, EFLAGS=0x0000000000010202

Top of Stack: (sp=0x000000002272ca18)
0x000000002272ca18:   0000000062167609 000000001eaa69e8
0x000000002272ca28:   000000001eaa69e8 000000001ea0f0c0
0x000000002272ca38:   0000000000000005 0000000000000000
0x000000002272ca48:   000000001ea0f0c0 000000002272d1a0
0x000000002272ca58:   000000006219c1ad 000000001eaa69e8
0x000000002272ca68:   0000000000000000 000000002272cb01
0x000000002272ca78:   000000001eaa6800 000000001eb35f70
0x000000002272ca88:   0000000062163e72 000000002272d1a0
0x000000002272ca98:   000000002272cb90 000000001eaa69e8
0x000000002272caa8:   00000000623fde8c 000000002272cc60
0x000000002272cab8:   000000002272cb60 000044c81b7c7600
0x000000002272cac8:   000000001aff7360 000000001eaa6800
0x000000002272cad8:   0000000062310108 000000001aff7360
0x000000002272cae8:   000000001eaa6800 000000002272cdf8
0x000000002272caf8:   000000001eaa6800 000000001eaa6800
0x000000002272cb08:   000000002272d198 000000001eaa69e8 

Instructions: (pc=0x00000000622006a4)
0x0000000062200684:   41 5e 41 5d 41 5c 5f c3 48 8b 41 08 48 05 00 04
0x0000000062200694:   00 00 c3 cc 48 8b 41 08 48 8b 80 18 0c 00 00 c3
0x00000000622006a4:   48 8b 49 08 48 85 c9 74 05 e9 06 a7 fe ff 33 c0
0x00000000622006b4:   c3 cc cc cc 48 83 ec 28 48 8b 49 08 48 85 c9 74 


Register to memory mapping:

RAX=0x000000000000000d is an unknown value
RBX=0x000000001eaa69e8 is an unknown value
RCX=0x0000000000000000 is an unknown value
RDX=0x000000003f0107d7 is an unknown value
RSP=0x000000002272ca18 is pointing into the stack for thread: 0x000000001eaa6800
RBP=0x000000001eaa69e8 is an unknown value
RSI=0x000000001ea0f0c0 is an unknown value
RDI=0x000000001ea113d0 is an unknown value
R8 =0x000000002272c9d8 is pointing into the stack for thread: 0x000000001eaa6800
R9 =0x0000000000000005 is an unknown value
R10=0x00007ffcfda03250 is an unknown value
R11=0xffffffffffffffff is an unknown value
R12=0x000000003f0107d7 is an unknown value
R13=0x0000000000000000 is an unknown value
R14=0x000000002272d1b0 is pointing into the stack for thread: 0x000000001eaa6800
R15=0x000000001eaa6800 is a thread


Stack: [0x0000000022630000,0x0000000022730000],  sp=0x000000002272ca18,  free space=1010k
Native frames: (J=compiled Java code, j=interpreted, Vv=VM code, C=native code)
C  [awt.dll+0xd06a4]

Java frames: (J=compiled Java code, j=interpreted, Vv=VM code)
j  sun.java2d.windows.GDIBlitLoops.nativeBlit(Lsun/java2d/SurfaceData;Lsun/java2d/SurfaceData;Lsun/java2d/pipe/Region;IIIIIIIIIZ)V+0
j  sun.java2d.windows.GDIBlitLoops.Blit(Lsun/java2d/SurfaceData;Lsun/java2d/SurfaceData;Ljava/awt/Composite;Lsun/java2d/pipe/Region;IIIIII)V+33
J 926 C1 sun.java2d.pipe.DrawImage.blitSurfaceData(Lsun/java2d/SunGraphics2D;Lsun/java2d/pipe/Region;Lsun/java2d/SurfaceData;Lsun/java2d/SurfaceData;Lsun/java2d/loops/SurfaceType;Lsun/java2d/loops/SurfaceType;IIIIIILjava/awt/Color;)V (145 bytes) @ 0x0000000002275f74 [0x0000000002275140+0xe34]
J 923 C1 sun.java2d.pipe.DrawImage.renderImageCopy(Lsun/java2d/SunGraphics2D;Ljava/awt/Image;Ljava/awt/Color;IIIIII)Z (147 bytes) @ 0x000000000226df1c [0x000000000226d920+0x5fc]
J 937 C1 sun.java2d.pipe.DrawImage.copyImage(Lsun/java2d/SunGraphics2D;Ljava/awt/Image;IILjava/awt/Color;)Z (105 bytes) @ 0x000000000227f3ec [0x000000000227ed60+0x68c]
J 936 C1 sun.java2d.pipe.DrawImage.copyImage(Lsun/java2d/SunGraphics2D;Ljava/awt/Image;IILjava/awt/Color;Ljava/awt/image/ImageObserver;)Z (60 bytes) @ 0x0000000002280134 [0x000000000227f9e0+0x754]
J 879 C1 sun.java2d.SunGraphics2D.drawImage(Ljava/awt/Image;IILjava/awt/Color;Ljava/awt/image/ImageObserver;)Z (145 bytes) @ 0x000000000224a544 [0x0000000002249c00+0x944]
J 878 C1 sun.java2d.SunGraphics2D.drawImage(Ljava/awt/Image;IILjava/awt/image/ImageObserver;)Z (11 bytes) @ 0x0000000002248044 [0x0000000002247f40+0x104]
J 1028 C1 javax.swing.RepaintManager$PaintManager.paintDoubleBuffered(Ljavax/swing/JComponent;Ljava/awt/Image;Ljava/awt/Graphics;IIII)V (294 bytes) @ 0x00000000022c6aa4 [0x00000000022c6160+0x944]
j  javax.swing.RepaintManager$PaintManager.paint(Ljavax/swing/JComponent;Ljavax/swing/JComponent;Ljava/awt/Graphics;IIII)Z+116
j  javax.swing.RepaintManager.paint(Ljavax/swing/JComponent;Ljavax/swing/JComponent;Ljava/awt/Graphics;IIII)V+51
j  javax.swing.JComponent._paintImmediately(IIII)V+683
J 1196 C2 javax.swing.RepaintManager$4.run()Ljava/lang/Object; (5 bytes) @ 0x00000000023565c8 [0x00000000023562a0+0x328]
v  ~StubRoutines::call_stub
J 606  java.security.AccessController.doPrivileged(Ljava/security/PrivilegedAction;Ljava/security/AccessControlContext;)Ljava/lang/Object; (0 bytes) @ 0x000000000216b766 [0x000000000216b700+0x66]
J 1190 C2 javax.swing.RepaintManager$ProcessingRunnable.run()V (41 bytes) @ 0x00000000023b7bbc [0x00000000023b70e0+0xadc]
J 1148 C2 java.awt.EventQueue$3.run()Ljava/lang/Object; (5 bytes) @ 0x0000000002327168 [0x0000000002327060+0x108]
v  ~StubRoutines::call_stub
J 606  java.security.AccessController.doPrivileged(Ljava/security/PrivilegedAction;Ljava/security/AccessControlContext;)Ljava/lang/Object; (0 bytes) @ 0x000000000216b766 [0x000000000216b700+0x66]
J 1145 C2 java.awt.EventQueue.dispatchEvent(Ljava/awt/AWTEvent;)V (80 bytes) @ 0x00000000023260d4 [0x0000000002325e20+0x2b4]
J 1146 C2 java.awt.EventDispatchThread.pumpOneEventForFilters(I)V (295 bytes) @ 0x000000000235c750 [0x000000000235b540+0x1210]
j  java.awt.EventDispatchThread.pumpEventsForFilter(ILjava/awt/Conditional;Ljava/awt/EventFilter;)V+35
j  java.awt.EventDispatchThread.pumpEventsForHierarchy(ILjava/awt/Conditional;Ljava/awt/Component;)V+11
j  java.awt.EventDispatchThread.pumpEvents(ILjava/awt/Conditional;)V+4
j  java.awt.EventDispatchThread.pumpEvents(Ljava/awt/Conditional;)V+3
j  java.awt.EventDispatchThread.run()V+9
v  ~StubRoutines::call_stub

---------------  P R O C E S S  ---------------

Java Threads: ( => current thread )
  0x000000001eb2b000 JavaThread "D3D Screen Updater" daemon [_thread_blocked, id=7100, stack(0x0000000022b30000,0x0000000022c30000)]
  0x0000000001d2e000 JavaThread "DestroyJavaVM" [_thread_blocked, id=5824, stack(0x0000000001d30000,0x0000000001e30000)]
=>0x000000001eaa6800 JavaThread "AWT-EventQueue-0" [_thread_in_native, id=576, stack(0x0000000022630000,0x0000000022730000)]
  0x000000001eaa5000 JavaThread "Timer-9" [_thread_blocked, id=6592, stack(0x0000000022730000,0x0000000022830000)]
  0x000000001ea9c800 JavaThread "Timer-8" [_thread_blocked, id=6976, stack(0x0000000022830000,0x0000000022930000)]
  0x000000001ea99000 JavaThread "Timer-7" [_thread_blocked, id=4476, stack(0x0000000022c60000,0x0000000022d60000)]
  0x000000001eaa4000 JavaThread "Timer-6" [_thread_blocked, id=5128, stack(0x0000000022430000,0x0000000022530000)]
  0x000000001ea9f000 JavaThread "Timer-5" [_thread_blocked, id=5720, stack(0x0000000022a30000,0x0000000022b30000)]
  0x000000001e9cb800 JavaThread "AWT-Windows" daemon [_thread_in_native, id=4976, stack(0x000000001f3a0000,0x000000001f4a0000)]
  0x000000001e9cb000 JavaThread "AWT-Shutdown" [_thread_blocked, id=220, stack(0x000000001f2a0000,0x000000001f3a0000)]
  0x000000001ddae000 JavaThread "Java2D Disposer" daemon [_thread_blocked, id=5808, stack(0x000000001f1a0000,0x000000001f2a0000)]
  0x000000001db2e800 JavaThread "Monitor Ctrl-Break" daemon [_thread_in_native, id=6512, stack(0x000000001e670000,0x000000001e770000)]
  0x000000001da6f800 JavaThread "Service Thread" daemon [_thread_blocked, id=6432, stack(0x000000001e3b0000,0x000000001e4b0000)]
  0x000000001d9ee000 JavaThread "C1 CompilerThread3" daemon [_thread_blocked, id=4764, stack(0x000000001e2b0000,0x000000001e3b0000)]
  0x000000001d9eb000 JavaThread "C2 CompilerThread2" daemon [_thread_blocked, id=6740, stack(0x000000001e1b0000,0x000000001e2b0000)]
  0x000000001d9de000 JavaThread "C2 CompilerThread1" daemon [_thread_blocked, id=4560, stack(0x000000001e0b0000,0x000000001e1b0000)]
  0x000000001d9d8000 JavaThread "C2 CompilerThread0" daemon [_thread_blocked, id=4828, stack(0x000000001dfb0000,0x000000001e0b0000)]
  0x000000001d9d6800 JavaThread "Attach Listener" daemon [_thread_blocked, id=6672, stack(0x000000001deb0000,0x000000001dfb0000)]
  0x000000001d9d5000 JavaThread "Signal Dispatcher" daemon [_thread_blocked, id=1488, stack(0x000000001ddb0000,0x000000001deb0000)]
  0x0000000001f29800 JavaThread "Finalizer" daemon [_thread_blocked, id=7056, stack(0x000000001d8b0000,0x000000001d9b0000)]
  0x0000000001f23000 JavaThread "Reference Handler" daemon [_thread_blocked, id=6476, stack(0x000000001d7b0000,0x000000001d8b0000)]

Other Threads:
  0x000000001b9c8800 VMThread [stack: 0x000000001d6b0000,0x000000001d7b0000] [id=3756]
  0x000000001da7a800 WatcherThread [stack: 0x000000001e4b0000,0x000000001e5b0000] [id=5144]

VM state:not at safepoint (normal execution)

VM Mutex/Monitor currently owned by a thread: None

Heap:
 PSYoungGen      total 76288K, used 56721K [0x000000076af80000, 0x0000000770480000, 0x00000007c0000000)
  eden space 65536K, 86% used [0x000000076af80000,0x000000076e6e4458,0x000000076ef80000)
  from space 10752K, 0% used [0x000000076fa00000,0x000000076fa00000,0x0000000770480000)
  to   space 10752K, 0% used [0x000000076ef80000,0x000000076ef80000,0x000000076fa00000)
 ParOldGen       total 175104K, used 0K [0x00000006c0e00000, 0x00000006cb900000, 0x000000076af80000)
  object space 175104K, 0% used [0x00000006c0e00000,0x00000006c0e00000,0x00000006cb900000)
 Metaspace       used 10197K, capacity 10360K, committed 10496K, reserved 1058816K
  class space    used 1202K, capacity 1256K, committed 1280K, reserved 1048576K

Card table byte_map: [0x00000000112f0000,0x0000000011af0000] byte_map_base: 0x000000000dce9000

Marking Bits: (ParMarkBitMap*) 0x0000000062b2b460
 Begin Bits: [0x0000000012850000, 0x0000000016818000)
 End Bits:   [0x0000000016818000, 0x000000001a7e0000)

Polling page: 0x0000000001c90000

CodeCache: size=245760Kb used=4743Kb max_used=4754Kb free=241016Kb
 bounds [0x0000000001f30000, 0x00000000023e0000, 0x0000000010f30000]
 total_blobs=1714 nmethods=1244 adapters=383
 compilation: enabled

Compilation events (10 events):
Event: 52.794 Thread 0x000000001d9ee000 1240       3       java.awt.Color::<init> (72 bytes)
Event: 52.794 Thread 0x000000001d9ee000 nmethod 1240 0x00000000023d1890 code [0x00000000023d1a00, 0x00000000023d1c68]
Event: 52.816 Thread 0x000000001d9ee000 1241  s    3       sun.awt.windows.WDesktopProperties::setColorProperty (107 bytes)
Event: 52.816 Thread 0x000000001d9ee000 nmethod 1241 0x00000000023d1d50 code [0x00000000023d1fa0, 0x00000000023d2f28]
Event: 52.819 Thread 0x000000001d9ee000 1242       1       java.lang.String::toString (2 bytes)
Event: 52.819 Thread 0x000000001d9ee000 nmethod 1242 0x00000000023d3710 code [0x00000000023d3860, 0x00000000023d3970]
Event: 52.821 Thread 0x000000001d9eb000 1243       4       java.lang.String::compareTo (9 bytes)
Event: 52.822 Thread 0x000000001d9eb000 nmethod 1243 0x00000000023d6790 code [0x00000000023d68e0, 0x00000000023d6a98]
Event: 60.545 Thread 0x000000001d9d8000 1244       4       java.awt.EventQueue::cacheEQItem (60 bytes)
Event: 60.546 Thread 0x000000001d9d8000 nmethod 1244 0x00000000023d6b50 code [0x00000000023d6ca0, 0x00000000023d6e38]

GC Heap History (0 events):
No events

Deoptimization events (9 events):
Event: 14.584 Thread 0x000000001eaa6800 Uncommon trap: reason=unreached action=reinterpret pc=0x00000000022e01e8 method=java.awt.EventQueue.coalesceEvent(Ljava/awt/AWTEvent;I)Z @ 56
Event: 14.686 Thread 0x000000001eaa6800 Uncommon trap: reason=unreached action=reinterpret pc=0x00000000022f1038 method=java.util.HashMap$HashIterator.<init>(Ljava/util/HashMap;)V @ 38
Event: 14.688 Thread 0x000000001eaa6800 Uncommon trap: reason=unreached action=reinterpret pc=0x00000000022dc1f0 method=java.util.HashMap$HashIterator.<init>(Ljava/util/HashMap;)V @ 38
Event: 14.691 Thread 0x000000001eaa6800 Uncommon trap: reason=unreached action=reinterpret pc=0x00000000022d62c8 method=java.util.HashMap$HashIterator.<init>(Ljava/util/HashMap;)V @ 38
Event: 66.865 Thread 0x000000001eaa6800 Uncommon trap: reason=class_check action=maybe_recompile pc=0x000000000237e694 method=sun.java2d.pipe.ValidatePipe.copyImage(Lsun/java2d/SunGraphics2D;Ljava/awt/Image;IILjava/awt/Color;Ljava/awt/image/ImageObserver;)Z @ 21
Event: 66.865 Thread 0x000000001eaa6800 Uncommon trap: reason=unreached action=reinterpret pc=0x000000000232e03c method=sun.java2d.loops.RenderCache.get(Lsun/java2d/loops/SurfaceType;Lsun/java2d/loops/CompositeType;Lsun/java2d/loops/SurfaceType;)Ljava/lang/Object; @ 29
Event: 66.867 Thread 0x000000001eaa6800 Uncommon trap: reason=class_check action=maybe_recompile pc=0x00000000023aea60 method=sun.java2d.pipe.ValidatePipe.fillRect(Lsun/java2d/SunGraphics2D;IIII)V @ 19
Event: 66.868 Thread 0x000000001eaa6800 Uncommon trap: reason=class_check action=maybe_recompile pc=0x00000000023aea60 method=sun.java2d.pipe.ValidatePipe.fillRect(Lsun/java2d/SunGraphics2D;IIII)V @ 19
Event: 66.868 Thread 0x000000001eaa6800 Uncommon trap: reason=unreached action=reinterpret pc=0x000000000232ea5c method=sun.java2d.loops.RenderCache.get(Lsun/java2d/loops/SurfaceType;Lsun/java2d/loops/CompositeType;Lsun/java2d/loops/SurfaceType;)Ljava/lang/Object; @ 29

Internal exceptions (10 events):
Event: 0.222 Thread 0x0000000001d2e000 Exception <a 'java/security/PrivilegedActionException'> (0x000000076b813ad0) thrown at [D:\re\workspace\8-2-build-windows-amd64-cygwin\jdk8u20\1074\hotspot\src\share\vm\prims\jvm.cpp, line 1275]
Event: 0.225 Thread 0x0000000001d2e000 Exception <a 'java/security/PrivilegedActionException'> (0x000000076b81ac50) thrown at [D:\re\workspace\8-2-build-windows-amd64-cygwin\jdk8u20\1074\hotspot\src\share\vm\prims\jvm.cpp, line 1275]
Event: 0.225 Thread 0x0000000001d2e000 Exception <a 'java/security/PrivilegedActionException'> (0x000000076b81e648) thrown at [D:\re\workspace\8-2-build-windows-amd64-cygwin\jdk8u20\1074\hotspot\src\share\vm\prims\jvm.cpp, line 1275]
Event: 0.226 Thread 0x0000000001d2e000 Exception <a 'java/security/PrivilegedActionException'> (0x000000076b8235d0) thrown at [D:\re\workspace\8-2-build-windows-amd64-cygwin\jdk8u20\1074\hotspot\src\share\vm\prims\jvm.cpp, line 1275]
Event: 0.227 Thread 0x0000000001d2e000 Exception <a 'java/security/PrivilegedActionException'> (0x000000076b82a020) thrown at [D:\re\workspace\8-2-build-windows-amd64-cygwin\jdk8u20\1074\hotspot\src\share\vm\prims\jvm.cpp, line 1275]
Event: 0.229 Thread 0x0000000001d2e000 Exception <a 'java/security/PrivilegedActionException'> (0x000000076b8353e8) thrown at [D:\re\workspace\8-2-build-windows-amd64-cygwin\jdk8u20\1074\hotspot\src\share\vm\prims\jvm.cpp, line 1275]
Event: 0.230 Thread 0x0000000001d2e000 Exception <a 'java/security/PrivilegedActionException'> (0x000000076b83ada8) thrown at [D:\re\workspace\8-2-build-windows-amd64-cygwin\jdk8u20\1074\hotspot\src\share\vm\prims\jvm.cpp, line 1275]
Event: 0.231 Thread 0x0000000001d2e000 Exception <a 'java/security/PrivilegedActionException'> (0x000000076b83eed8) thrown at [D:\re\workspace\8-2-build-windows-amd64-cygwin\jdk8u20\1074\hotspot\src\share\vm\prims\jvm.cpp, line 1275]
Event: 0.231 Thread 0x0000000001d2e000 Exception <a 'java/security/PrivilegedActionException'> (0x000000076b843028) thrown at [D:\re\workspace\8-2-build-windows-amd64-cygwin\jdk8u20\1074\hotspot\src\share\vm\prims\jvm.cpp, line 1275]
Event: 66.865 Thread 0x000000001eaa6800 Implicit null exception at 0x000000000232db43 to 0x000000000232e00d

Events (10 events):
Event: 66.865 Thread 0x000000001eaa6800 DEOPT UNPACKING pc=0x0000000001f7556a sp=0x000000002272d098 mode 2
Event: 66.867 Thread 0x000000001eaa6800 Uncommon trap: trap_request=0xffffffde fr.pc=0x00000000023aea60
Event: 66.867 Thread 0x000000001eaa6800 DEOPT PACKING pc=0x00000000023aea60 sp=0x000000002272d570
Event: 66.867 Thread 0x000000001eaa6800 DEOPT UNPACKING pc=0x0000000001f7556a sp=0x000000002272d4c8 mode 2
Event: 66.868 Thread 0x000000001eaa6800 Uncommon trap: trap_request=0xffffffde fr.pc=0x00000000023aea60
Event: 66.868 Thread 0x000000001eaa6800 DEOPT PACKING pc=0x00000000023aea60 sp=0x000000002272d580
Event: 66.868 Thread 0x000000001eaa6800 DEOPT UNPACKING pc=0x0000000001f7556a sp=0x000000002272d4b0 mode 2
Event: 66.868 Thread 0x000000001eaa6800 Uncommon trap: trap_request=0xffffffad fr.pc=0x000000000232ea5c
Event: 66.868 Thread 0x000000001eaa6800 DEOPT PACKING pc=0x000000000232ea5c sp=0x000000002272d140
Event: 66.868 Thread 0x000000001eaa6800 DEOPT UNPACKING pc=0x0000000001f7556a sp=0x000000002272d110 mode 2


Dynamic libraries:
0x00007ff70d4b0000 - 0x00007ff70d4e4000 	C:\Program Files\Java\jdk1.8.0_20\bin\java.exe
0x00007ffcfdec0000 - 0x00007ffcfe066000 	C:\WINDOWS\SYSTEM32\ntdll.dll
0x00007ffcfb820000 - 0x00007ffcfb95a000 	C:\WINDOWS\system32\KERNEL32.DLL
0x00007ffcfb3a0000 - 0x00007ffcfb4af000 	C:\WINDOWS\system32\KERNELBASE.dll
0x00007ffcf9e40000 - 0x00007ffcf9ec8000 	C:\WINDOWS\system32\apphelp.dll
0x00007ffcf6bf0000 - 0x00007ffcf6c3f000 	C:\WINDOWS\AppPatch\AppPatch64\AcGenral.DLL
0x00007ffcfd800000 - 0x00007ffcfd8a7000 	C:\WINDOWS\system32\msvcrt.dll
0x00007ffcfb010000 - 0x00007ffcfb03b000 	C:\WINDOWS\SYSTEM32\SspiCli.dll
0x00007ffcfd610000 - 0x00007ffcfd661000 	C:\WINDOWS\system32\SHLWAPI.dll
0x00007ffcfd680000 - 0x00007ffcfd7f1000 	C:\WINDOWS\system32\USER32.dll
0x00007ffcfdb30000 - 0x00007ffcfdca8000 	C:\WINDOWS\system32\ole32.dll
0x00007ffcfbe20000 - 0x00007ffcfd22f000 	C:\WINDOWS\system32\SHELL32.dll
0x00007ffcfa820000 - 0x00007ffcfa83e000 	C:\WINDOWS\SYSTEM32\USERENV.dll
0x00007ffcfb750000 - 0x00007ffcfb7f5000 	C:\WINDOWS\system32\ADVAPI32.dll
0x00007ffcf2d10000 - 0x00007ffcf2d2b000 	C:\WINDOWS\SYSTEM32\MPR.dll
0x00007ffcfdcb0000 - 0x00007ffcfdde7000 	C:\WINDOWS\system32\RPCRT4.dll
0x00007ffcfd230000 - 0x00007ffcfd287000 	C:\WINDOWS\SYSTEM32\sechost.dll
0x00007ffcfb960000 - 0x00007ffcfbb36000 	C:\WINDOWS\SYSTEM32\combase.dll
0x00007ffcfd9e0000 - 0x00007ffcfdb24000 	C:\WINDOWS\system32\GDI32.dll
0x00007ffcfb230000 - 0x00007ffcfb244000 	C:\WINDOWS\SYSTEM32\profapi.dll
0x00007ffcf9850000 - 0x00007ffcf98ef000 	C:\WINDOWS\SYSTEM32\SHCORE.dll
0x00007ffcfd5d0000 - 0x00007ffcfd604000 	C:\WINDOWS\system32\IMM32.DLL
0x00007ffcfd430000 - 0x00007ffcfd569000 	C:\WINDOWS\system32\MSCTF.dll
0x00007ffcf9040000 - 0x00007ffcf929a000 	C:\WINDOWS\WinSxS\amd64_microsoft.windows.common-controls_6595b64144ccf1df_6.0.9600.17031_none_6242a4b3ecbb55a1\COMCTL32.dll
0x0000000062bb0000 - 0x0000000062c82000 	C:\Program Files\Java\jdk1.8.0_20\jre\bin\msvcr100.dll
0x0000000062350000 - 0x0000000062ba8000 	C:\Program Files\Java\jdk1.8.0_20\jre\bin\server\jvm.dll
0x00007ffcf1860000 - 0x00007ffcf1869000 	C:\WINDOWS\SYSTEM32\WSOCK32.dll
0x00007ffcf8a90000 - 0x00007ffcf8aaf000 	C:\WINDOWS\SYSTEM32\WINMM.dll
0x00007ffcfb800000 - 0x00007ffcfb807000 	C:\WINDOWS\system32\PSAPI.DLL
0x00007ffcfd8b0000 - 0x00007ffcfd908000 	C:\WINDOWS\system32\WS2_32.dll
0x00007ffcf8a50000 - 0x00007ffcf8a7a000 	C:\WINDOWS\SYSTEM32\WINMMBASE.dll
0x00007ffcfb810000 - 0x00007ffcfb819000 	C:\WINDOWS\system32\NSI.dll
0x00007ffcfb350000 - 0x00007ffcfb39a000 	C:\WINDOWS\SYSTEM32\cfgmgr32.dll
0x00007ffcfa0a0000 - 0x00007ffcfa0c6000 	C:\WINDOWS\SYSTEM32\DEVOBJ.dll
0x0000000062340000 - 0x000000006234f000 	C:\Program Files\Java\jdk1.8.0_20\jre\bin\verify.dll
0x0000000062310000 - 0x0000000062338000 	C:\Program Files\Java\jdk1.8.0_20\jre\bin\java.dll
0x00000000622f0000 - 0x0000000062306000 	C:\Program Files\Java\jdk1.8.0_20\jre\bin\zip.dll
0x00007ffcf83e0000 - 0x00007ffcf83f0000 	C:\Program Files (x86)\JetBrains\IntelliJ IDEA Community Edition 14.0.2\bin\breakgen64.dll
0x00000000622d0000 - 0x00000000622ea000 	C:\Program Files\Java\jdk1.8.0_20\jre\bin\net.dll
0x00007ffcfaa70000 - 0x00007ffcfaac8000 	C:\WINDOWS\system32\mswsock.dll
0x0000000062130000 - 0x00000000622c8000 	C:\Program Files\Java\jdk1.8.0_20\jre\bin\awt.dll
0x00007ffcfd910000 - 0x00007ffcfd9d1000 	C:\WINDOWS\system32\OLEAUT32.dll
0x00007ffcf9680000 - 0x00007ffcf96a0000 	C:\WINDOWS\system32\DWMAPI.DLL
0x00007ffcf9f20000 - 0x00007ffcfa041000 	C:\WINDOWS\system32\uxtheme.dll
0x0000000061ff0000 - 0x0000000062024000 	C:\Fraps\fraps64.dll
0x00007ffcf9f00000 - 0x00007ffcf9f0a000 	C:\WINDOWS\SYSTEM32\kernel.appcore.dll
0x00007ffcfb0a0000 - 0x00007ffcfb0aa000 	C:\WINDOWS\SYSTEM32\CRYPTBASE.dll
0x00007ffcfb040000 - 0x00007ffcfb0a0000 	C:\WINDOWS\SYSTEM32\bcryptPrimitives.dll
0x00007ffcf9670000 - 0x00007ffcf967a000 	C:\WINDOWS\SYSTEM32\VERSION.dll
0x0000000180000000 - 0x0000000180134000 	C:\WINDOWS\system32\nvspcap64.dll
0x00007ffcfb4b0000 - 0x00007ffcfb687000 	C:\WINDOWS\system32\CRYPT32.dll
0x00007ffcfb2e0000 - 0x00007ffcfb2f2000 	C:\WINDOWS\system32\MSASN1.dll
0x00007ffcf86d0000 - 0x00007ffcf89e9000 	C:\WINDOWS\SYSTEM32\nvapi64.dll
0x00007ffcfbc40000 - 0x00007ffcfbe14000 	C:\WINDOWS\system32\SETUPAPI.dll
0x00007ffcf7ff0000 - 0x00007ffcf8158000 	C:\Program Files (x86)\NVIDIA Corporation\3D Vision\nvSCPAPI64.dll
0x00007ffcfb300000 - 0x00007ffcfb34c000 	C:\WINDOWS\system32\WINTRUST.dll
0x00007ffcf8fc0000 - 0x00007ffcf903f000 	C:\WINDOWS\system32\dxgi.dll
0x00000000620e0000 - 0x0000000062127000 	C:\Program Files\Java\jdk1.8.0_20\jre\bin\fontmanager.dll
0x00000000620c0000 - 0x00000000620d1000 	C:\Program Files\Java\jdk1.8.0_20\jre\bin\nio.dll
0x0000000062070000 - 0x00000000620b1000 	C:\Program Files\Java\jdk1.8.0_20\jre\bin\t2k.dll
0x00007ffcf2e40000 - 0x00007ffcf3048000 	C:\WINDOWS\system32\d3d9.dll
0x00007ffce27d0000 - 0x00007ffce38b7000 	C:\WINDOWS\SYSTEM32\nvd3dumx.dll
0x00007ffcfb1d0000 - 0x00007ffcfb215000 	C:\WINDOWS\system32\powrprof.dll
0x00007ffcf3590000 - 0x00007ffcf3718000 	C:\WINDOWS\SYSTEM32\dbghelp.dll

VM Arguments:
jvm_args: -Didea.launcher.port=7538 -Didea.launcher.bin.path=C:\Program Files (x86)\JetBrains\IntelliJ IDEA Community Edition 14.0.2\bin -Dfile.encoding=UTF-8 
java_command: com.intellij.rt.execution.application.AppMain me.hollasch.particles.ParticleMain
java_class_path (initial): C:\Program Files\Java\jdk1.8.0_20\jre\lib\charsets.jar;C:\Program Files\Java\jdk1.8.0_20\jre\lib\deploy.jar;C:\Program Files\Java\jdk1.8.0_20\jre\lib\javaws.jar;C:\Program Files\Java\jdk1.8.0_20\jre\lib\jce.jar;C:\Program Files\Java\jdk1.8.0_20\jre\lib\jfr.jar;C:\Program Files\Java\jdk1.8.0_20\jre\lib\jfxswt.jar;C:\Program Files\Java\jdk1.8.0_20\jre\lib\jsse.jar;C:\Program Files\Java\jdk1.8.0_20\jre\lib\management-agent.jar;C:\Program Files\Java\jdk1.8.0_20\jre\lib\plugin.jar;C:\Program Files\Java\jdk1.8.0_20\jre\lib\resources.jar;C:\Program Files\Java\jdk1.8.0_20\jre\lib\rt.jar;C:\Program Files\Java\jdk1.8.0_20\jre\lib\ext\access-bridge-64.jar;C:\Program Files\Java\jdk1.8.0_20\jre\lib\ext\cldrdata.jar;C:\Program Files\Java\jdk1.8.0_20\jre\lib\ext\dnsns.jar;C:\Program Files\Java\jdk1.8.0_20\jre\lib\ext\jaccess.jar;C:\Program Files\Java\jdk1.8.0_20\jre\lib\ext\jfxrt.jar;C:\Program Files\Java\jdk1.8.0_20\jre\lib\ext\localedata.jar;C:\Program Files\Java\jdk1.8.0_20\jre\lib\ext\nashorn.jar;C:\Program Files\Java\jdk1.8.0_20\jre\lib\ext\sunec.jar;C:\Program Files\Java\jdk1.8.0_20\jre\lib\ext\sunjce_provider.jar;C:\Program Files\Java\jdk1.8.0_20\jre\lib\ext\sunmscapi.jar;C:\Program Files\Java\jdk1.8.0_20\jre\lib\ext\sunpkcs11.jar;C:\Program Files\Java\jdk1.8.0_20\jre\lib\ext\zipfs.jar;C:\Users\Connor\Desktop\SideProjects\Particles\out\production\Particles;C:\Program Files (x86)\JetBrains\IntelliJ IDEA Community Edition 14.0.2\lib\idea_rt.jar
Launcher Type: SUN_STANDARD

Environment Variables:
JAVA_HOME=C:\Program Files (x86)\Java\jdk1.7.0_51
PATH=C:\ProgramData\Oracle\Java\javapath;C:\Program Files (x86)\NVIDIA Corporation\PhysX\Common;C:\WINDOWS\system32;C:\WINDOWS;C:\WINDOWS\System32\Wbem;C:\WINDOWS\System32\WindowsPowerShell\v1.0\;C:\Program Files\Microsoft\Web Platform Installer\;C:\Program Files\Microsoft SQL Server\110\Tools\Binn\;C:\Program Files (x86)\Git\cmd;C:\apache-maven-3.2.1\bin;C:\Program Files (x86)\MySQL\MySQL Utilities 1.3.6\;C:\Program Files (x86)\QuickTime\QTSystem\;C:\Program Files (x86)\Windows Live\Shared;C:\Program Files (x86)\Windows Kits\8.1\Windows Performance Toolkit\;C:\Program Files (x86)\Microsoft SDKs\TypeScript\1.0\;C:\Program Files\Microsoft SQL Server\120\Tools\Binn\;C:\Program Files (x86)\HMA! Pro VPN\bin;C:\ProgramData\chocolatey\bin;C:\ProgramData\chocolatey\lib\gradle.2.1\tools\gradle-2.1\bin\;
USERNAME=Connor
OS=Windows_NT
PROCESSOR_IDENTIFIER=Intel64 Family 6 Model 60 Stepping 3, GenuineIntel



---------------  S Y S T E M  ---------------

OS: Windows 8.1 , 64 bit Build 9600 

CPU:total 8 (4 cores per cpu, 2 threads per core) family 6 model 60 stepping 3, cmov, cx8, fxsr, mmx, sse, sse2, sse3, ssse3, sse4.1, sse4.2, popcnt, avx, avx2, aes, clmul, erms, lzcnt, ht, tsc, tscinvbit, bmi1, bmi2

Memory: 4k page, physical 16713244k(13317952k free), swap 21169692k(15589792k free)

vm_info: Java HotSpot(TM) 64-Bit Server VM (25.20-b23) for windows-amd64 JRE (1.8.0_20-b26), built on Jul 30 2014 13:51:23 by "java_re" with MS VC++ 10.0 (VS2010)

time: Mon Feb 09 16:49:31 2015
elapsed time: 67 seconds (0d 0h 1m 7s)

